<?xml version="1.0" encoding="UTF-8"?>
<testng-results skipped="0" failed="0" total="1" passed="1">
  <reporter-output>
  </reporter-output>
  <suite name="Default suite" duration-ms="18368" started-at="2016-09-10T21:48:39Z" finished-at="2016-09-10T21:48:58Z">
    <groups>
    </groups>
    <test name="Default test" duration-ms="18368" started-at="2016-09-10T21:48:39Z" finished-at="2016-09-10T21:48:58Z">
      <class name="test.leadPerformanceTest_QA">
        <test-method status="PASS" signature="initDriver()[pri:0, instance:test.leadPerformanceTest_QA@32e6e9c3]" name="initDriver" is-config="true" duration-ms="3934" started-at="2016-09-10T17:48:39Z" finished-at="2016-09-10T17:48:43Z">
          <reporter-output>
          </reporter-output>
        </test-method> <!-- initDriver -->
        <test-method status="PASS" signature="test()[pri:0, instance:test.leadPerformanceTest_QA@32e6e9c3]" name="test" duration-ms="14425" started-at="2016-09-10T17:48:43Z" finished-at="2016-09-10T17:48:57Z">
          <reporter-output>
          </reporter-output>
        </test-method> <!-- test -->
      </class> <!-- test.leadPerformanceTest_QA -->
    </test> <!-- Default test -->
  </suite> <!-- Default suite -->
</testng-results>
